<?xml version="1.0" encoding="UTF-8"?>
<!-- Generated by org.testng.reporters.JUnitXMLReporter -->
<testsuite ignored="3" hostname="Admin" failures="0" tests="1" name="Default test" time="10.345" errors="0" timestamp="2022-06-05T16:12:59 IST">
  <testcase classname="TestCases.LoginPageTest" name="loginToAppTest" time="1.364"/>
  <testcase classname="TestCases.LoginPageTest" name="verifyZerodhaLogoTest" time="0.0">
    <ignored/>
  </testcase> <!-- verifyZerodhaLogoTest -->
  <testcase classname="TestCases.LoginPageTest" name="verifyKiteLogoTest" time="0.0">
    <ignored/>
  </testcase> <!-- verifyKiteLogoTest -->
  <testcase classname="TestCases.LoginPageTest" name="verifyTitleTest" time="0.0">
    <ignored/>
  </testcase> <!-- verifyTitleTest -->
</testsuite> <!-- Default test -->
