<?xml version="1.0" encoding="UTF-8"?>
<testng-results ignored="3" total="4" passed="1" failed="0" skipped="0">
  <reporter-output>
  </reporter-output>
  <suite started-at="2022-06-05T16:12:49 IST" name="Default suite" finished-at="2022-06-05T16:12:59 IST" duration-ms="10345">
    <groups>
    </groups>
    <test started-at="2022-06-05T16:12:49 IST" name="Default test" finished-at="2022-06-05T16:12:59 IST" duration-ms="10345">
      <class name="TestCases.LoginPageTest">
        <test-method is-config="true" signature="setup()[pri:0, instance:TestCases.LoginPageTest@7bab3f1a]" started-at="2022-06-05T16:12:49 IST" name="setup" finished-at="2022-06-05T16:12:57 IST" duration-ms="8560" status="PASS">
          <reporter-output>
          </reporter-output>
        </test-method> <!-- setup -->
        <test-method signature="loginToAppTest()[pri:0, instance:TestCases.LoginPageTest@7bab3f1a]" started-at="2022-06-05T16:12:57 IST" name="loginToAppTest" finished-at="2022-06-05T16:12:59 IST" duration-ms="1364" status="PASS">
          <reporter-output>
          </reporter-output>
        </test-method> <!-- loginToAppTest -->
        <test-method is-config="true" signature="exit()[pri:0, instance:TestCases.LoginPageTest@7bab3f1a]" started-at="2022-06-05T16:12:59 IST" name="exit" finished-at="2022-06-05T16:12:59 IST" duration-ms="255" status="PASS">
          <reporter-output>
          </reporter-output>
        </test-method> <!-- exit -->
      </class> <!-- TestCases.LoginPageTest -->
    </test> <!-- Default test -->
  </suite> <!-- Default suite -->
</testng-results>
